<?xml version="1.0" encoding="UTF-8"?>
<!-- Generated by org.testng.reporters.JUnitReportReporter -->
<testsuite hostname="DESKTOP-32IRMRQ" failures="0" tests="1" name="mainProject.OrangeHrm" time="51.848" errors="0" timestamp="2024-07-04T10:00:11 IST" skipped="0">
  <testcase classname="mainProject.OrangeHrm" name="test" time="51.848"/>
  <system-out/>
</testsuite> <!-- mainProject.OrangeHrm -->
