<?xml version="1.0" encoding="UTF-8"?>
<!-- Generated by org.testng.reporters.JUnitReportReporter -->
<testsuite hostname="DESKTOP-32IRMRQ" failures="0" tests="1" name="orangeHrm.BaseClass" time="31.196" errors="0" timestamp="2024-07-03T13:40:23 IST" skipped="0">
  <testcase classname="orangeHrm.BaseClass" name="test" time="31.196"/>
  <system-out/>
</testsuite> <!-- orangeHrm.BaseClass -->
